[?1034h
--- Selected 32000 entries to read in from MC ---

--- 16000 signal events and 16000 bkg events ---

/cvmfs/sft.cern.ch/lcg/views/LCG_92/x86_64-slc6-gcc62-opt/lib/python2.7/site-packages/sklearn/model_selection/_search.py:667: DeprecationWarning: The grid_scores_ attribute was deprecated in version 0.18 in favor of the more elaborate cv_results_ attribute. The grid_scores_ attribute will not be available from 0.20
  DeprecationWarning)
 ##### AdaBoostClassifier(algorithm='SAMME.R',
          base_estimator=DecisionTreeClassifier(class_weight=None, criterion='gini', max_depth=3,
            max_features=None, max_leaf_nodes=None,
            min_impurity_split=1e-07, min_samples_leaf=1,
            min_samples_split=2, min_weight_fraction_leaf=0.0,
            presort=False, random_state=None, splitter='best'),
          learning_rate=1.0, n_estimators=50, random_state=None) #####
Best parameter set found on development set:

AdaBoostClassifier(algorithm='SAMME.R',
          base_estimator=DecisionTreeClassifier(class_weight=None, criterion='gini', max_depth=3,
            max_features=None, max_leaf_nodes=None,
            min_impurity_split=1e-07, min_samples_leaf=1,
            min_samples_split=2, min_weight_fraction_leaf=0.0,
            presort=False, random_state=None, splitter='best'),
          learning_rate=0.5, n_estimators=200, random_state=None)

Grid scores on a subset of the development set:

0.8129 (+/-0.0025) for {'n_estimators': 10, 'learning_rate': 0.1}
0.8290 (+/-0.0025) for {'n_estimators': 30, 'learning_rate': 0.1}
0.8443 (+/-0.0026) for {'n_estimators': 50, 'learning_rate': 0.1}
0.8593 (+/-0.0030) for {'n_estimators': 100, 'learning_rate': 0.1}
0.8693 (+/-0.0038) for {'n_estimators': 200, 'learning_rate': 0.1}
0.8197 (+/-0.0020) for {'n_estimators': 10, 'learning_rate': 0.2}
0.8482 (+/-0.0025) for {'n_estimators': 30, 'learning_rate': 0.2}
0.8588 (+/-0.0017) for {'n_estimators': 50, 'learning_rate': 0.2}
0.8681 (+/-0.0019) for {'n_estimators': 100, 'learning_rate': 0.2}
0.8735 (+/-0.0034) for {'n_estimators': 200, 'learning_rate': 0.2}
0.8411 (+/-0.0027) for {'n_estimators': 10, 'learning_rate': 0.5}
0.8638 (+/-0.0021) for {'n_estimators': 30, 'learning_rate': 0.5}
0.8695 (+/-0.0036) for {'n_estimators': 50, 'learning_rate': 0.5}
0.8727 (+/-0.0020) for {'n_estimators': 100, 'learning_rate': 0.5}
0.8737 (+/-0.0029) for {'n_estimators': 200, 'learning_rate': 0.5}

With the model trained on the full development set:
  It scores 0.9589 on the full development set
  It scores 0.8798 on the full evaluation set
---- AdaBoostClassifier(algorithm='SAMME.R',
          base_estimator=DecisionTreeClassifier(class_weight=None, criterion='gini', max_depth=3,
            max_features=None, max_leaf_nodes=None,
            min_impurity_split=1e-07, min_samples_leaf=1,
            min_samples_split=2, min_weight_fraction_leaf=0.0,
            presort=False, random_state=None, splitter='best'),
          learning_rate=0.5, n_estimators=200, random_state=None)
--- Run time = 103.320603132 seconds ---
